**********************
Windows PowerShell transcript start
Start time: 20180517161739
Username: AD\adm_mdoughty
RunAs User: AD\adm_mdoughty
Configuration Name: 
Machine: RTUBUILDER (Microsoft Windows NT 10.0.16299.0)
Host Application: powershell
Process ID: 10508
PSVersion: 5.1.16299.251
PSEdition: Desktop
PSCompatibleVersions: 1.0, 2.0, 3.0, 4.0, 5.0, 5.1.16299.251
BuildVersion: 10.0.16299.251
CLRVersion: 4.0.30319.42000
WSManStackVersion: 3.0
PSRemotingProtocolVersion: 2.3
SerializationVersion: 1.1.0.1
**********************
Transcript started, output file is logs\rtubuild-20180517.log
Unpacking: C:\RTUBUILD\isos\server2016-x64-1607.201802.iso...


    Directory: C:\RTUBUILD\isos


Mode                LastWriteTime         Length Name
----                -------------         ------ ----
d-----        5/17/2018   4:17 PM                server2016-x64-1607.201802



Unpacking: C:\RTUBUILD\isos\win10-ent-x64-1803.201803.iso...
New-Item : An item with the specified name C:\RTUBUILD\isos\win10-ent-x64-1803.201803 already exists.
At C:\RTUBUILD\rtubuild.ps1:12 char:2
+     New-Item -Type Directory -Path (-join($ISO.DirectoryName,"\",$ISO ...
+     ~~~~~~~~~~~~~~~~~~~~~~~~~~~~~~~~~~~~~~~~~~~~~~~~~~~~~~~~~~~~~~~~~
    + CategoryInfo          : ResourceExists: (C:\RTUBUILD\iso...x64-1803.201803:String) [New-Item], IOException
    + FullyQualifiedErrorId : DirectoryExist,Microsoft.PowerShell.Commands.NewItemCommand
New-Item : An item with the specified name C:\RTUBUILD\isos\win10-ent-x64-1803.201803 already exists.
At C:\RTUBUILD\rtubuild.ps1:12 char:2
+     New-Item -Type Directory -Path (-join($ISO.DirectoryName,"\",$ISO ...
+     ~~~~~~~~~~~~~~~~~~~~~~~~~~~~~~~~~~~~~~~~~~~~~~~~~~~~~~~~~~~~~~~~~
    + CategoryInfo          : ResourceExists: (C:\RTUBUILD\iso...x64-1803.201803:String) [New-Item], IOException
    + FullyQualifiedErrorId : DirectoryExist,Microsoft.PowerShell.Commands.NewItemCommand

PS>TerminatingError(): "The pipeline has been stopped."
>> TerminatingError(): "The pipeline has been stopped."
>> TerminatingError(): "The pipeline has been stopped."
PS C:\RTUBUILD> C:\RTUBUILD\rtubuild.ps1
Transcript started, output file is logs\rtubuild-20180517.log
Unpacking: C:\RTUBUILD\isos\server2016-x64-1607.201802.iso...


    Directory: C:\RTUBUILD\isos


Mode                LastWriteTime         Length Name
----                -------------         ------ ----
d-----        5/17/2018   4:18 PM                server2016-x64-1607.201802



Unpacking: C:\RTUBUILD\isos\win10-ent-x64-1803.201803.iso...
d-----        5/17/2018   4:19 PM                win10-ent-x64-1803.201803
PS C:\RTUBUILD> TerminatingError(): "The pipeline has been stopped."
>> TerminatingError(): "The pipeline has been stopped."
>> TerminatingError(): "The pipeline has been stopped."
PS C:\RTUBUILD> exit
**********************
Windows PowerShell transcript end
End time: 20180517162103
**********************
**********************
Windows PowerShell transcript start
Start time: 20180517162413
Username: AD\adm_mdoughty
RunAs User: AD\adm_mdoughty
Configuration Name: 
Machine: RTUBUILDER (Microsoft Windows NT 10.0.16299.0)
Host Application: powershell
Process ID: 9692
PSVersion: 5.1.16299.251
PSEdition: Desktop
PSCompatibleVersions: 1.0, 2.0, 3.0, 4.0, 5.0, 5.1.16299.251
BuildVersion: 10.0.16299.251
CLRVersion: 4.0.30319.42000
WSManStackVersion: 3.0
PSRemotingProtocolVersion: 2.3
SerializationVersion: 1.1.0.1
**********************
Transcript started, output file is logs\rtubuild-20180517.log
Unpacking: C:\RTUBUILD\isos\server2016-x64-1607.201802.iso...


    Directory: C:\RTUBUILD\isos


Mode                LastWriteTime         Length Name
----                -------------         ------ ----
d-----        5/17/2018   4:24 PM                server2016-x64-1607.201802



Unpacking: C:\RTUBUILD\isos\win10-ent-x64-1803.201803.iso...
d-----        5/17/2018   4:25 PM                win10-ent-x64-1803.201803



Unpacking: C:\RTUBUILD\isos\win10-ltsb2016-x64-1607.iso...
d-----        5/17/2018   4:25 PM                win10-ltsb2016-x64-1607



Creating Mountpoint: .\mounts\Windows Server 2016 SERVERSTANDARDCORE-10.0.14393.1198


    Directory: C:\RTUBUILD\mounts


Mode                LastWriteTime         Length Name
----                -------------         ------ ----
d-----        5/17/2018   4:26 PM                Windows Server 2016 SERVERSTANDARDCORE-10.0.14393.1198
Mounting: Windows Server 2016 SERVERSTANDARDCORE

Path   : .\mounts\Windows Server 2016 SERVERSTANDARDCORE-10.0.14393.1198
Online : False




Creating Mountpoint: .\mounts\Windows Server 2016 SERVERSTANDARD-10.0.14393.1198
d-----        5/17/2018   4:28 PM                Windows Server 2016 SERVERSTANDARD-10.0.14393.1198
Mounting: Windows Server 2016 SERVERSTANDARD

Path   : .\mounts\Windows Server 2016 SERVERSTANDARD-10.0.14393.1198
Online : False




Creating Mountpoint: .\mounts\Windows 10 Enterprise-10.0.17134.1
d-----        5/17/2018   4:31 PM                Windows 10 Enterprise-10.0.17134.1
Mounting: Windows 10 Enterprise

Path   : .\mounts\Windows 10 Enterprise-10.0.17134.1
Online : False




Creating Mountpoint: .\mounts\Windows 10 Enterprise 2016 LTSB-10.0.14393.0
d-----        5/17/2018   4:33 PM                Windows 10 Enterprise 2016 LTSB-10.0.14393.0
Mounting: Windows 10 Enterprise 2016 LTSB

Path   : .\mounts\Windows 10 Enterprise 2016 LTSB-10.0.14393.0
Online : False




Servicing C:\RTUBUILD\mounts\Windows Server 2016 SERVERSTANDARD-10.0.14393.1198
VERBOSE: Target Image Version 10.0.14393.1883

Path   : C:\RTUBUILD\mounts\Windows Server 2016 SERVERSTANDARD-10.0.14393.1198
Online : False

VERBOSE: Target Image Version 10.0.14393.1883
VERBOSE: Successfully added package .\packages\srv2016-1607\microsoft-windows-netfx3-ondemand-package.cab
VERBOSE: Successfully added package .\packages\srv2016-1607\windows10.0-kb3186568-x64_086bd10d344a5bb614725135a1589cd784d1e768.msu
VERBOSE: Successfully added package .\packages\srv2016-1607\windows10.0-kb4103720-x64_c1fb7676d38fffae5c28b9216220c1f033ce26ac.msu
VERBOSE: Successfully added package .\packages\srv2016-1607\windows10.0-kb4132216-x64_9cbeb1024166bdeceff90cd564714e1dcd01296e.msu

Path   : C:\RTUBUILD\mounts\Windows Server 2016 SERVERSTANDARD-10.0.14393.1198
Online : False

VERBOSE: Target Image Version 10.0.14393.2272

Path   : C:\RTUBUILD\mounts\Windows Server 2016 SERVERSTANDARD-10.0.14393.1198
Online : False




Servicing C:\RTUBUILD\mounts\Windows Server 2016 SERVERSTANDARDCORE-10.0.14393.1198
VERBOSE: Target Image Version 10.0.14393.1883

Path   : C:\RTUBUILD\mounts\Windows Server 2016 SERVERSTANDARDCORE-10.0.14393.1198
Online : False

VERBOSE: Target Image Version 10.0.14393.1883
VERBOSE: Successfully added package .\packages\srv2016-1607\microsoft-windows-netfx3-ondemand-package.cab
VERBOSE: Successfully added package .\packages\srv2016-1607\windows10.0-kb3186568-x64_086bd10d344a5bb614725135a1589cd784d1e768.msu
VERBOSE: Successfully added package .\packages\srv2016-1607\windows10.0-kb4103720-x64_c1fb7676d38fffae5c28b9216220c1f033ce26ac.msu
VERBOSE: Successfully added package .\packages\srv2016-1607\windows10.0-kb4132216-x64_9cbeb1024166bdeceff90cd564714e1dcd01296e.msu

Path   : C:\RTUBUILD\mounts\Windows Server 2016 SERVERSTANDARDCORE-10.0.14393.1198
Online : False

VERBOSE: Target Image Version 10.0.14393.2272

Path   : C:\RTUBUILD\mounts\Windows Server 2016 SERVERSTANDARDCORE-10.0.14393.1198
Online : False




Servicing C:\RTUBUILD\mounts\Windows 10 Enterprise 2016 LTSB-10.0.14393.0
VERBOSE: Target Image Version 10.0.14393.0

Path   : C:\RTUBUILD\mounts\Windows 10 Enterprise 2016 LTSB-10.0.14393.0
Online : False

VERBOSE: Target Image Version 10.0.14393.0
VERBOSE: Successfully added package .\packages\win10-1607\microsoft-windows-netfx3-ondemand-package.cab
VERBOSE: Successfully added package .\packages\win10-1607\windows10.0-kb3186568-x64_086bd10d344a5bb614725135a1589cd784d1e768.msu
VERBOSE: Successfully added package .\packages\win10-1607\windows10.0-kb4103720-x64_c1fb7676d38fffae5c28b9216220c1f033ce26ac.msu
VERBOSE: Successfully added package .\packages\win10-1607\windows10.0-kb4132216-x64_9cbeb1024166bdeceff90cd564714e1dcd01296e.msu
VERBOSE: Successfully added package .\packages\win10-1607\WindowsTH-RSAT_WS_1803-x64.msu

Path   : C:\RTUBUILD\mounts\Windows 10 Enterprise 2016 LTSB-10.0.14393.0
Online : False




Servicing C:\RTUBUILD\mounts\Windows 10 Enterprise-10.0.17134.1
VERBOSE: Target Image Version 10.0.17134.1

Path   : C:\RTUBUILD\mounts\Windows 10 Enterprise-10.0.17134.1
Online : False

VERBOSE: Target Image Version 10.0.17134.1
VERBOSE: Successfully added package .\packages\win10-1709\Microsoft-Windows-InternetExplorer-Optional-Package-en-us.cab
VERBOSE: Successfully added package .\packages\win10-1709\microsoft-windows-internetexplorer-optional-package.cab
VERBOSE: Successfully added package .\packages\win10-1709\Microsoft-Windows-NetFx3-OnDemand-Package-en-us.cab
VERBOSE: Successfully added package .\packages\win10-1709\microsoft-windows-netfx3-ondemand-package.cab
VERBOSE: Successfully added package .\packages\win10-1709\windows10.0-kb4058702-x64_4ed8d0df4f3c190d3e423bf287d7e95a21a9124a.msu
VERBOSE: Successfully added package .\packages\win10-1709\windows10.0-kb4093112-x64_08237e229b9c1de3e8878674f5815ca2746c6a2a.msu
VERBOSE: Successfully added package .\packages\win10-1709\WindowsTH-RSAT_WS_1803-x64.msu

Path   : C:\RTUBUILD\mounts\Windows 10 Enterprise-10.0.17134.1
Online : False




Servicing C:\RTUBUILD\mounts\Windows 10 Enterprise 2016 LTSB-10.0.14393.0
VERBOSE: Target Image Version 10.0.14393.2272

Path   : C:\RTUBUILD\mounts\Windows 10 Enterprise 2016 LTSB-10.0.14393.0
Online : False




Servicing C:\RTUBUILD\mounts\Windows 10 Enterprise-10.0.17134.1
VERBOSE: Target Image Version 10.0.17134.1

Path   : C:\RTUBUILD\mounts\Windows 10 Enterprise-10.0.17134.1
Online : False




Servicing C:\RTUBUILD\mounts\Windows Server 2016 SERVERSTANDARD-10.0.14393.1198
VERBOSE: Target Image Version 10.0.14393.2272

Path   : C:\RTUBUILD\mounts\Windows Server 2016 SERVERSTANDARD-10.0.14393.1198
Online : False




Servicing C:\RTUBUILD\mounts\Windows Server 2016 SERVERSTANDARDCORE-10.0.14393.1198
VERBOSE: Target Image Version 10.0.14393.2272

Path   : C:\RTUBUILD\mounts\Windows Server 2016 SERVERSTANDARDCORE-10.0.14393.1198
Online : False




**********************
Windows PowerShell transcript end
End time: 20180517190024
**********************
